TN:
SF:src/Composition/AppContainer.tsx
FNF:0
FNH:0
DA:1,2
DA:2,2
DA:3,2
DA:4,2
DA:5,2
DA:13,2
DA:15,2
DA:16,2
DA:17,2
DA:18,2
DA:20,2
LF:11
LH:11
BRF:0
BRH:0
end_of_record
TN:
SF:src/components/SectionDescription.tsx
FN:8,SectionDescription
FNF:1
FNH:1
FNDA:3,SectionDescription
DA:1,1
DA:9,3
DA:12,1
LF:3
LH:3
BRF:0
BRH:0
end_of_record
TN:
SF:src/components/SectionHeader.tsx
FN:8,SectionHeader
FNF:1
FNH:1
FNDA:3,SectionHeader
DA:1,1
DA:9,3
DA:12,1
LF:3
LH:3
BRF:0
BRH:0
end_of_record
TN:
SF:src/components/SectionStack.tsx
FN:8,SectionStack
FNF:1
FNH:1
FNDA:3,SectionStack
DA:1,1
DA:9,3
DA:12,1
LF:3
LH:3
BRF:0
BRH:0
end_of_record
TN:
SF:src/pages/NotFound/NotFound.tsx
FN:7,NotFound
FN:12,(anonymous_1)
FNF:2
FNH:2
FNDA:3,NotFound
FNDA:3,(anonymous_1)
DA:1,1
DA:2,1
DA:3,1
DA:4,1
DA:5,1
DA:12,3
DA:13,3
DA:16,3
DA:27,1
LF:9
LH:9
BRF:0
BRH:0
end_of_record
TN:
SF:src/pages/article/Article.tsx
FN:27,SearchResultsPage
FN:37,(anonymous_1)
FN:39,(anonymous_2)
FN:56,(anonymous_3)
FN:78,(anonymous_4)
FN:85,(anonymous_5)
FN:127,(anonymous_6)
FN:131,(anonymous_7)
FN:142,(anonymous_8)
FNF:9
FNH:6
FNDA:4,SearchResultsPage
FNDA:3,(anonymous_1)
FNDA:3,(anonymous_2)
FNDA:0,(anonymous_3)
FNDA:1,(anonymous_4)
FNDA:0,(anonymous_5)
FNDA:5,(anonymous_6)
FNDA:0,(anonymous_7)
FNDA:3,(anonymous_8)
DA:1,1
DA:17,1
DA:18,1
DA:19,1
DA:21,1
DA:32,4
DA:33,4
DA:34,4
DA:35,4
DA:37,4
DA:38,3
DA:39,3
DA:40,3
DA:41,1
DA:42,1
DA:44,2
DA:45,2
DA:46,2
DA:48,1
DA:49,1
DA:51,1
DA:53,3
DA:56,4
DA:62,0
DA:66,4
DA:67,3
DA:76,1
DA:79,1
DA:85,0
DA:128,5
DA:131,0
DA:143,3
DA:166,1
LF:33
LH:30
BRDA:40,0,0,1
BRDA:40,1,0,3
BRDA:40,1,1,3
BRDA:66,2,0,3
BRDA:103,3,0,1
BRDA:103,3,1,1
BRDA:108,4,0,1
BRDA:108,4,1,0
BRF:8
BRH:7
end_of_record
TN:
SF:src/pages/article/ArticleViewModel.ts
FN:31,(anonymous_2)
FN:41,(anonymous_3)
FN:57,(anonymous_4)
FN:60,(anonymous_5)
FN:49,(anonymous_6)
FNF:5
FNH:5
FNDA:3,(anonymous_2)
FNDA:3,(anonymous_3)
FNDA:2,(anonymous_4)
FNDA:1,(anonymous_5)
FNDA:1,(anonymous_6)
DA:1,2
DA:2,2
DA:9,2
DA:27,2
DA:28,3
DA:29,3
DA:32,3
DA:34,3
DA:41,3
DA:46,3
DA:50,1
DA:57,3
DA:58,2
DA:59,2
DA:60,1
DA:61,1
DA:64,1
LF:17
LH:17
BRF:0
BRH:0
end_of_record
TN:
SF:src/pages/search/Search.tsx
FN:24,SearchResultsPage
FN:36,(anonymous_1)
FN:40,(anonymous_2)
FN:44,(anonymous_3)
FN:53,(anonymous_4)
FN:69,(anonymous_5)
FN:90,(anonymous_6)
FN:97,(anonymous_7)
FNF:8
FNH:5
FNDA:3,SearchResultsPage
FNDA:0,(anonymous_1)
FNDA:2,(anonymous_2)
FNDA:2,(anonymous_3)
FNDA:4,(anonymous_4)
FNDA:0,(anonymous_5)
FNDA:2,(anonymous_6)
FNDA:0,(anonymous_7)
DA:1,1
DA:15,1
DA:16,1
DA:17,1
DA:19,1
DA:20,1
DA:21,1
DA:22,1
DA:29,3
DA:30,3
DA:31,3
DA:34,3
DA:36,3
DA:37,0
DA:40,3
DA:41,2
DA:44,3
DA:45,2
DA:46,1
DA:47,1
DA:51,3
DA:54,4
DA:70,0
DA:71,0
DA:72,0
DA:91,2
DA:98,0
DA:122,1
LF:28
LH:23
BRDA:32,0,0,3
BRDA:32,0,1,1
BRDA:45,1,0,1
BRDA:85,2,0,4
BRDA:85,2,1,2
BRDA:85,2,2,2
BRDA:85,2,3,1
BRDA:89,3,0,4
BRDA:89,3,1,4
BRF:9
BRH:9
end_of_record
TN:
SF:src/pages/search/SearchViewModel.ts
FN:22,(anonymous_4)
FN:33,(anonymous_5)
FN:37,(anonymous_6)
FNF:3
FNH:3
FNDA:1,(anonymous_4)
FNDA:1,(anonymous_5)
FNDA:1,(anonymous_6)
DA:1,2
DA:2,2
DA:3,2
DA:17,2
DA:18,1
DA:19,1
DA:20,1
DA:25,1
DA:27,1
DA:33,1
DA:34,1
DA:35,1
DA:37,1
DA:38,1
LF:14
LH:14
BRF:0
BRH:0
end_of_record
TN:
SF:src/service/ApiService.ts
FN:27,(anonymous_1)
FN:37,(anonymous_2)
FN:46,(anonymous_3)
FN:47,(anonymous_4)
FN:55,(anonymous_5)
FN:57,(anonymous_6)
FN:30,(anonymous_7)
FNF:7
FNH:6
FNDA:4,(anonymous_1)
FNDA:1,(anonymous_2)
FNDA:2,(anonymous_3)
FNDA:46,(anonymous_4)
FNDA:1,(anonymous_5)
FNDA:30,(anonymous_6)
FNDA:0,(anonymous_7)
DA:1,2
DA:2,2
DA:27,2
DA:31,0
DA:32,0
DA:34,0
DA:37,4
DA:38,1
DA:39,1
DA:40,1
DA:42,0
DA:46,4
DA:47,46
DA:48,2
DA:49,1
DA:51,1
DA:55,4
DA:56,1
DA:57,1
DA:58,30
DA:60,1
LF:21
LH:17
BRDA:39,0,0,1
BRDA:39,0,1,0
BRDA:48,1,0,1
BRDA:48,1,1,1
BRDA:31,2,0,0
BRF:5
BRH:3
end_of_record
TN:
SF:src/service/FormatList.ts
FN:13,(anonymous_1)
FN:14,(anonymous_2)
FN:15,(anonymous_3)
FNF:3
FNH:3
FNDA:1,(anonymous_1)
FNDA:1,(anonymous_2)
FNDA:2,(anonymous_3)
DA:1,2
DA:13,2
DA:14,1
DA:15,1
DA:16,2
LF:5
LH:5
BRF:0
BRH:0
end_of_record
TN:
SF:src/service/mockData.ts
FNF:0
FNH:0
DA:1,2
LF:1
LH:1
BRF:0
BRH:0
end_of_record
TN:
SF:src/utils/useContainer.ts
FN:3,useContainer
FNF:1
FNH:1
FNDA:7,useContainer
DA:1,2
DA:3,2
DA:4,7
LF:3
LH:3
BRF:0
BRH:0
end_of_record
